<?xml version="1.0" encoding="UTF-8"?>
<testsuite xmlns:xsi="http://www.w3.org/2001/XMLSchema-instance" xsi:noNamespaceSchemaLocation="https://maven.apache.org/surefire/maven-surefire-plugin/xsd/surefire-test-report-3.0.xsd" version="3.0" name="io.axelixx.api.runner.TryoutIT" time="9.077" tests="3" errors="0" skipped="0" failures="0">
  <properties>
[...]
</properties>
  <testcase name="Validating logged in user" classname="Testing my Strava data" time="6.229">
    <system-out><![CDATA[{
    "id": 1067810,
    "username": "avuylsteke",
    "resource_state": 2,
    "firstname": "Axel",
    "lastname": "Vuylsteke",
    "bio": "Swim Bike Run IM ???? 2022",
    "city": "Rotem",
    "state": "Flanders",
    "country": "Belgium",
    "sex": "M",
    "premium": true,
    "summit": true,
    "created_at": "2012-09-04T14:45:11Z",
    "updated_at": "2022-05-28T06:07:34Z",
    "badge_type_id": 1,
    "weight": 86.9,
    "profile_medium": "https://dgalywyr863hv.cloudfront.net/pictures/athletes/1067810/3513528/4/medium.jpg",
    "profile": "https://dgalywyr863hv.cloudfront.net/pictures/athletes/1067810/3513528/4/large.jpg",
    "friend": null,
    "follower": null
}
]]></system-out>
  </testcase>
  <testcase name="Getting my strava stats #1" classname="Testing my Strava data" time="0.738">
    <system-out><![CDATA[{
    "biggest_ride_distance": 239494.0,
    "biggest_climb_elevation_gain": 1593.0,
    "recent_ride_totals": {
        "count": 0,
        "distance": 0.0,
        "moving_time": 0,
        "elapsed_time": 0,
        "elevation_gain": 0.0,
        "achievement_count": 0
    },
    "all_ride_totals": {
        "count": 292,
        "distance": 17134727,
        "moving_time": 2390590,
        "elapsed_time": 37243311,
        "elevation_gain": 175789
    },
    "recent_run_totals": {
        "count": 1,
        "distance": 10002.08984375,
        "moving_time": 3677,
        "elapsed_time": 4252,
        "elevation_gain": 41.0,
        "achievement_count": 1
    },
    "all_run_totals": {
        "count": 216,
        "distance": 2240711,
        "moving_time": 782817,
        "elapsed_time": 824267,
        "elevation_gain": 9881
    },
    "recent_swim_totals": {
        "count": 0,
        "distance": 0.0,
        "moving_time": 0,
        "elapsed_time": 0,
        "elevation_gain": 0.0,
        "achievement_count": 0
    },
    "all_swim_totals": {
        "count": 64,
        "distance": 120686,
        "moving_time": 147362,
        "elapsed_time": 178219,
        "elevation_gain": 91
    },
    "ytd_ride_totals": {
        "count": 0,
        "distance": 0,
        "moving_time": 0,
        "elapsed_time": 0,
        "elevation_gain": 0
    },
    "ytd_run_totals": {
        "count": 3,
        "distance": 20243,
        "moving_time": 7341,
        "elapsed_time": 7933,
        "elevation_gain": 62
    },
    "ytd_swim_totals": {
        "count": 0,
        "distance": 0,
        "moving_time": 0,
        "elapsed_time": 0,
        "elevation_gain": 0
    }
}
]]></system-out>
  </testcase>
  <testcase name="Getting my strava stats #2" classname="Testing my Strava data" time="0.503">
    <system-out><![CDATA[{
    "message": "Forbidden",
    "errors": [
        
    ]
}
]]></system-out>
  </testcase>
</testsuite>